mode: set
github.com/whynotavailable/proxy/proxy.go:27.84,30.16 2 1
github.com/whynotavailable/proxy/proxy.go:36.2,52.43 4 1
github.com/whynotavailable/proxy/proxy.go:56.2,56.24 1 1
github.com/whynotavailable/proxy/proxy.go:67.2,67.54 1 1
github.com/whynotavailable/proxy/proxy.go:30.16,33.3 1 1
github.com/whynotavailable/proxy/proxy.go:52.43,54.3 1 1
github.com/whynotavailable/proxy/proxy.go:56.24,57.52 1 1
github.com/whynotavailable/proxy/proxy.go:57.52,59.31 2 1
github.com/whynotavailable/proxy/proxy.go:63.4,63.34 1 1
github.com/whynotavailable/proxy/proxy.go:59.31,61.5 1 1
github.com/whynotavailable/proxy/proxy.go:67.54,70.17 2 1
github.com/whynotavailable/proxy/proxy.go:76.3,78.31 2 1
github.com/whynotavailable/proxy/proxy.go:98.3,100.42 2 1
github.com/whynotavailable/proxy/proxy.go:104.3,104.25 1 1
github.com/whynotavailable/proxy/proxy.go:110.3,110.26 1 1
github.com/whynotavailable/proxy/proxy.go:119.3,121.17 2 1
github.com/whynotavailable/proxy/proxy.go:126.3,128.39 2 1
github.com/whynotavailable/proxy/proxy.go:136.3,138.24 2 1
github.com/whynotavailable/proxy/proxy.go:70.17,74.4 2 1
github.com/whynotavailable/proxy/proxy.go:78.31,80.37 1 1
github.com/whynotavailable/proxy/proxy.go:80.37,81.48 1 1
github.com/whynotavailable/proxy/proxy.go:81.48,82.32 1 1
github.com/whynotavailable/proxy/proxy.go:82.32,84.7 1 1
github.com/whynotavailable/proxy/proxy.go:87.9,89.37 1 1
github.com/whynotavailable/proxy/proxy.go:89.37,90.30 1 1
github.com/whynotavailable/proxy/proxy.go:90.30,91.32 1 1
github.com/whynotavailable/proxy/proxy.go:91.32,93.7 1 1
github.com/whynotavailable/proxy/proxy.go:100.42,102.4 1 1
github.com/whynotavailable/proxy/proxy.go:104.25,106.4 1 1
github.com/whynotavailable/proxy/proxy.go:106.9,108.4 1 1
github.com/whynotavailable/proxy/proxy.go:110.26,112.18 2 1
github.com/whynotavailable/proxy/proxy.go:112.18,116.5 2 1
github.com/whynotavailable/proxy/proxy.go:121.17,124.4 2 1
github.com/whynotavailable/proxy/proxy.go:128.39,129.29 1 1
github.com/whynotavailable/proxy/proxy.go:129.29,130.31 1 1
github.com/whynotavailable/proxy/proxy.go:130.31,132.6 1 1
github.com/whynotavailable/proxy/proxy.go:143.28,146.16 2 1
github.com/whynotavailable/proxy/proxy.go:151.2,151.29 1 1
github.com/whynotavailable/proxy/proxy.go:146.16,149.3 2 1
github.com/whynotavailable/proxy/proxy.go:155.35,156.33 1 1
github.com/whynotavailable/proxy/proxy.go:160.2,160.28 1 1
github.com/whynotavailable/proxy/proxy.go:164.2,164.44 1 1
github.com/whynotavailable/proxy/proxy.go:156.33,158.3 1 1
github.com/whynotavailable/proxy/proxy.go:160.28,162.3 1 1
github.com/whynotavailable/proxy/proxy.go:167.39,168.43 1 1
github.com/whynotavailable/proxy/proxy.go:172.2,172.18 1 1
github.com/whynotavailable/proxy/proxy.go:176.2,176.12 1 1
github.com/whynotavailable/proxy/proxy.go:168.43,170.3 1 1
github.com/whynotavailable/proxy/proxy.go:172.18,174.3 1 1
github.com/whynotavailable/proxy/statichoster.go:12.87,13.54 1 0
github.com/whynotavailable/proxy/statichoster.go:13.54,15.36 2 0
github.com/whynotavailable/proxy/statichoster.go:19.3,21.44 2 0
github.com/whynotavailable/proxy/statichoster.go:15.36,17.4 1 0
github.com/whynotavailable/proxy/statichoster.go:21.44,25.18 3 0
github.com/whynotavailable/proxy/statichoster.go:25.18,27.5 1 0
github.com/whynotavailable/proxy/statichoster.go:27.10,28.24 1 0
github.com/whynotavailable/proxy/statichoster.go:32.5,32.22 1 0
github.com/whynotavailable/proxy/statichoster.go:28.24,30.6 1 0
github.com/whynotavailable/proxy/statichoster.go:35.9,35.32 1 0
github.com/whynotavailable/proxy/statichoster.go:35.32,37.4 1 0
